This is pdfTeX, Version 3.141592653-2.6-1.40.24 (MiKTeX 22.8.28) (preloaded format=pdflatex 2022.10.7)  10 DEC 2022 23:50
entering extended mode
 restricted \write18 enabled.
 file:line:error style messages enabled.
 %&-line parsing enabled.
**"/home/angus/Documents/CATAM-7.5/Project Write-up/CATAM 7.5.tex"
(/home/angus/Documents/CATAM-7.5/Project Write-up/CATAM 7.5.tex
LaTeX2e <2022-06-01> patch level 5
L3 programming layer <2022-08-30> (/home/angus/.miktex/texmfs/install/tex/latex/base/article.cls
Document Class: article 2021/10/04 v1.4n Standard LaTeX document class
(/home/angus/.miktex/texmfs/install/tex/latex/base/size12.clo
File: size12.clo 2021/10/04 v1.4n Standard LaTeX file (size option)
)
\c@part=\count185
\c@section=\count186
\c@subsection=\count187
\c@subsubsection=\count188
\c@paragraph=\count189
\c@subparagraph=\count190
\c@figure=\count191
\c@table=\count192
\abovecaptionskip=\skip47
\belowcaptionskip=\skip48
\bibindent=\dimen138
) (/home/angus/.miktex/texmfs/install/tex/latex/titlesec/titlesec.sty
Package: titlesec 2021/07/05 v2.14 Sectioning titles
\ttl@box=\box51
\beforetitleunit=\skip49
\aftertitleunit=\skip50
\ttl@plus=\dimen139
\ttl@minus=\dimen140
\ttl@toksa=\toks16
\titlewidth=\dimen141
\titlewidthlast=\dimen142
\titlewidthfirst=\dimen143
) (/home/angus/.miktex/texmfs/install/tex/latex/graphics/graphicx.sty
Package: graphicx 2021/09/16 v1.2d Enhanced LaTeX Graphics (DPC,SPQR)
 (/home/angus/.miktex/texmfs/install/tex/latex/graphics/keyval.sty
Package: keyval 2022/05/29 v1.15 key=value parser (DPC)
\KV@toks@=\toks17
) (/home/angus/.miktex/texmfs/install/tex/latex/graphics/graphics.sty
Package: graphics 2022/03/10 v1.4e Standard LaTeX Graphics (DPC,SPQR)
 (/home/angus/.miktex/texmfs/install/tex/latex/graphics/trig.sty
Package: trig 2021/08/11 v1.11 sin cos tan (DPC)
) (/home/angus/.miktex/texmfs/install/tex/latex/graphics-cfg/graphics.cfg
File: graphics.cfg 2016/06/04 v1.11 sample graphics configuration
)
Package graphics Info: Driver file: pdftex.def on input line 107.
 (/home/angus/.miktex/texmfs/install/tex/latex/graphics-def/pdftex.def
File: pdftex.def 2020/10/05 v1.2a Graphics/color driver for pdftex
))
\Gin@req@height=\dimen144
\Gin@req@width=\dimen145
) (/home/angus/.miktex/texmfs/install/tex/latex/caption/caption.sty
Package: caption 2022/03/01 v3.6b Customizing captions (AR)
 (/home/angus/.miktex/texmfs/install/tex/latex/caption/caption3.sty
Package: caption3 2022/03/17 v2.3b caption3 kernel (AR)
\caption@tempdima=\dimen146
\captionmargin=\dimen147
\caption@leftmargin=\dimen148
\caption@rightmargin=\dimen149
\caption@width=\dimen150
\caption@indent=\dimen151
\caption@parindent=\dimen152
\caption@hangindent=\dimen153
Package caption Info: Standard document class detected.
)
\c@caption@flags=\count193
\c@continuedfloat=\count194
) (/home/angus/.miktex/texmfs/install/tex/latex/amsmath/amsmath.sty
Package: amsmath 2022/04/08 v2.17n AMS math features
\@mathmargin=\skip51

For additional information on amsmath, use the `?' option.
(/home/angus/.miktex/texmfs/install/tex/latex/amsmath/amstext.sty
Package: amstext 2021/08/26 v2.01 AMS text
 (/home/angus/.miktex/texmfs/install/tex/latex/amsmath/amsgen.sty
File: amsgen.sty 1999/11/30 v2.0 generic functions
\@emptytoks=\toks18
\ex@=\dimen154
)) (/home/angus/.miktex/texmfs/install/tex/latex/amsmath/amsbsy.sty
Package: amsbsy 1999/11/29 v1.2d Bold Symbols
\pmbraise@=\dimen155
) (/home/angus/.miktex/texmfs/install/tex/latex/amsmath/amsopn.sty
Package: amsopn 2022/04/08 v2.04 operator names
)
\inf@bad=\count195
LaTeX Info: Redefining \frac on input line 234.
\uproot@=\count196
\leftroot@=\count197
LaTeX Info: Redefining \overline on input line 399.
LaTeX Info: Redefining \colon on input line 410.
\classnum@=\count198
\DOTSCASE@=\count199
LaTeX Info: Redefining \ldots on input line 496.
LaTeX Info: Redefining \dots on input line 499.
LaTeX Info: Redefining \cdots on input line 620.
\Mathstrutbox@=\box52
\strutbox@=\box53
LaTeX Info: Redefining \big on input line 722.
LaTeX Info: Redefining \Big on input line 723.
LaTeX Info: Redefining \bigg on input line 724.
LaTeX Info: Redefining \Bigg on input line 725.
\big@size=\dimen156
LaTeX Font Info:    Redeclaring font encoding OML on input line 743.
LaTeX Font Info:    Redeclaring font encoding OMS on input line 744.
\macc@depth=\count266
LaTeX Info: Redefining \bmod on input line 905.
LaTeX Info: Redefining \pmod on input line 910.
LaTeX Info: Redefining \smash on input line 940.
LaTeX Info: Redefining \relbar on input line 970.
LaTeX Info: Redefining \Relbar on input line 971.
\c@MaxMatrixCols=\count267
\dotsspace@=\muskip16
\c@parentequation=\count268
\dspbrk@lvl=\count269
\tag@help=\toks19
\row@=\count270
\column@=\count271
\maxfields@=\count272
\andhelp@=\toks20
\eqnshift@=\dimen157
\alignsep@=\dimen158
\tagshift@=\dimen159
\tagwidth@=\dimen160
\totwidth@=\dimen161
\lineht@=\dimen162
\@envbody=\toks21
\multlinegap=\skip52
\multlinetaggap=\skip53
\mathdisplay@stack=\toks22
LaTeX Info: Redefining \[ on input line 2953.
LaTeX Info: Redefining \] on input line 2954.
) (/home/angus/.miktex/texmfs/install/tex/latex/amscls/amsthm.sty
Package: amsthm 2020/05/29 v2.20.6
\thm@style=\toks23
\thm@bodyfont=\toks24
\thm@headfont=\toks25
\thm@notefont=\toks26
\thm@headpunct=\toks27
\thm@preskip=\skip54
\thm@postskip=\skip55
\thm@headsep=\skip56
\dth@everypar=\toks28
) (/home/angus/.miktex/texmfs/install/tex/latex/geometry/geometry.sty
Package: geometry 2020/01/02 v5.9 Page Geometry
 (/home/angus/.miktex/texmfs/install/tex/generic/iftex/ifvtex.sty
Package: ifvtex 2019/10/25 v1.7 ifvtex legacy package. Use iftex instead.
 (/home/angus/.miktex/texmfs/install/tex/generic/iftex/iftex.sty
Package: iftex 2022/02/03 v1.0f TeX engine tests
))
\Gm@cnth=\count273
\Gm@cntv=\count274
\c@Gm@tempcnt=\count275
\Gm@bindingoffset=\dimen163
\Gm@wd@mp=\dimen164
\Gm@odd@mp=\dimen165
\Gm@even@mp=\dimen166
\Gm@layoutwidth=\dimen167
\Gm@layoutheight=\dimen168
\Gm@layouthoffset=\dimen169
\Gm@layoutvoffset=\dimen170
\Gm@dimlist=\toks29
 (/home/angus/.miktex/texmfs/install/tex/latex/geometry/geometry.cfg)) (/home/angus/.miktex/texmfs/install/tex/latex/wrapfig/wrapfig.sty
\wrapoverhang=\dimen171
\WF@size=\dimen172
\c@WF@wrappedlines=\count276
\WF@box=\box54
\WF@everypar=\toks30
Package: wrapfig 2003/01/31  v 3.6
) (/home/angus/.miktex/texmfs/install/tex/latex/varwidth/varwidth.sty
Package: varwidth 2009/03/30 ver 0.92;  Variable-width minipages
\@vwid@box=\box55
\sift@deathcycles=\count277
\@vwid@loff=\dimen173
\@vwid@roff=\dimen174
) (/home/angus/.miktex/texmfs/install/tex/latex/listings/listings.sty
\lst@mode=\count278
\lst@gtempboxa=\box56
\lst@token=\toks31
\lst@length=\count279
\lst@currlwidth=\dimen175
\lst@column=\count280
\lst@pos=\count281
\lst@lostspace=\dimen176
\lst@width=\dimen177
\lst@newlines=\count282
\lst@lineno=\count283
\lst@maxwidth=\dimen178
 (/home/angus/.miktex/texmfs/install/tex/latex/listings/lstmisc.sty
File: lstmisc.sty 2020/03/24 1.8d (Carsten Heinz)
\c@lstnumber=\count284
\lst@skipnumbers=\count285
\lst@framebox=\box57
) (/home/angus/.miktex/texmfs/install/tex/latex/listings/listings.cfg
File: listings.cfg 2020/03/24 1.8d listings configuration
))
Package: listings 2020/03/24 1.8d (Carsten Heinz)
 (/home/angus/.miktex/texmfs/install/tex/latex/amsfonts/amssymb.sty
Package: amssymb 2013/01/14 v3.01 AMS font symbols
 (/home/angus/.miktex/texmfs/install/tex/latex/amsfonts/amsfonts.sty
Package: amsfonts 2013/01/14 v3.01 Basic AMSFonts support
\symAMSa=\mathgroup4
\symAMSb=\mathgroup5
LaTeX Font Info:    Redeclaring math symbol \hbar on input line 98.
LaTeX Font Info:    Overwriting math alphabet `\mathfrak' in version `bold'
(Font)                  U/euf/m/n --> U/euf/b/n on input line 106.
)) (/home/angus/.miktex/texmfs/install/tex/latex/enumitem/enumitem.sty
Package: enumitem 2019/06/20 v3.9 Customized lists
\labelindent=\skip57
\enit@outerparindent=\dimen179
\enit@toks=\toks32
\enit@inbox=\box58
\enit@count@id=\count286
\enitdp@description=\count287
) (/home/angus/.miktex/texmfs/install/tex/latex/tools/bm.sty
Package: bm 2021/04/25 v1.2e Bold Symbol Support (DPC/FMi)
\symboldoperators=\mathgroup6
\symboldletters=\mathgroup7
\symboldsymbols=\mathgroup8
Package bm Info: No bold for \OMX/cmex/m/n, using \pmb.
Package bm Info: No bold for \U/msa/m/n, using \pmb.
Package bm Info: No bold for \U/msb/m/n, using \pmb.
LaTeX Font Info:    Redeclaring math alphabet \mathbf on input line 149.
) (/home/angus/.miktex/texmfs/install/tex/latex/l3backend/l3backend-pdftex.def
File: l3backend-pdftex.def 2022-08-30 L3 backend support: PDF output (pdfTeX)
\l__color_backend_stack_int=\count288
\l__pdf_internal_box=\box59
) (CATAM 7.5.aux)
\openout1 = `"CATAM 7.5.aux"'.

LaTeX Font Info:    Checking defaults for OML/cmm/m/it on input line 19.
LaTeX Font Info:    ... okay on input line 19.
LaTeX Font Info:    Checking defaults for OMS/cmsy/m/n on input line 19.
LaTeX Font Info:    ... okay on input line 19.
LaTeX Font Info:    Checking defaults for OT1/cmr/m/n on input line 19.
LaTeX Font Info:    ... okay on input line 19.
LaTeX Font Info:    Checking defaults for T1/cmr/m/n on input line 19.
LaTeX Font Info:    ... okay on input line 19.
LaTeX Font Info:    Checking defaults for TS1/cmr/m/n on input line 19.
LaTeX Font Info:    ... okay on input line 19.
LaTeX Font Info:    Checking defaults for OMX/cmex/m/n on input line 19.
LaTeX Font Info:    ... okay on input line 19.
LaTeX Font Info:    Checking defaults for U/cmr/m/n on input line 19.
LaTeX Font Info:    ... okay on input line 19.
 (/home/angus/.miktex/texmfs/install/tex/context/base/mkii/supp-pdf.mkii
[Loading MPS to PDF converter (version 2006.09.02).]
\scratchcounter=\count289
\scratchdimen=\dimen180
\scratchbox=\box60
\nofMPsegments=\count290
\nofMParguments=\count291
\everyMPshowfont=\toks33
\MPscratchCnt=\count292
\MPscratchDim=\dimen181
\MPnumerator=\count293
\makeMPintoPDFobject=\count294
\everyMPtoPDFconversion=\toks34
) (/home/angus/.miktex/texmfs/install/tex/latex/epstopdf-pkg/epstopdf-base.sty
Package: epstopdf-base 2020-01-24 v2.11 Base part for package epstopdf
Package epstopdf-base Info: Redefining graphics rule for `.eps' on input line 485.
 (/home/angus/.miktex/texmfs/install/tex/latex/00miktex/epstopdf-sys.cfg
File: epstopdf-sys.cfg 2021/03/18 v2.0 Configuration of epstopdf for MiKTeX
))
Package caption Info: Begin \AtBeginDocument code.
Package caption Info: listings package is loaded.
Package caption Info: wrapfig package is loaded.
Package caption Info: End \AtBeginDocument code.

*geometry* driver: auto-detecting
*geometry* detected driver: pdftex
*geometry* verbose mode - [ preamble ] result:
* driver: pdftex
* paper: legalpaper
* layout: <same size as paper>
* layoutoffset:(h,v)=(0.0pt,0.0pt)
* modes: 
* h-part:(L,W,R)=(86.72377pt, 440.84746pt, 86.72377pt)
* v-part:(T,H,B)=(86.72377pt, 838.33246pt, 86.72377pt)
* \paperwidth=614.295pt
* \paperheight=1011.78pt
* \textwidth=440.84746pt
* \textheight=838.33246pt
* \oddsidemargin=14.45378pt
* \evensidemargin=14.45378pt
* \topmargin=-22.54622pt
* \headheight=12.0pt
* \headsep=25.0pt
* \topskip=12.0pt
* \footskip=30.0pt
* \marginparwidth=35.0pt
* \marginparsep=10.0pt
* \columnsep=10.0pt
* \skip\footins=10.8pt plus 4.0pt minus 2.0pt
* \hoffset=0.0pt
* \voffset=0.0pt
* \mag=1000
* \@twocolumnfalse
* \@twosidefalse
* \@mparswitchfalse
* \@reversemarginfalse
* (1in=72.27pt=25.4mm, 1cm=28.453pt)

\c@lstlisting=\count295
[1

{/home/angus/.miktex/texmfs/data/fonts/map/pdftex/pdftex.map}]

LaTeX Warning: Reference `Program_A' on page 1 undefined on input line 48.


LaTeX Warning: Reference `Program_B' on page 1 undefined on input line 49.

LaTeX Font Info:    Trying to load font information for U+msa on input line 52.
(/home/angus/.miktex/texmfs/install/tex/latex/amsfonts/umsa.fd
File: umsa.fd 2013/01/14 v3.01 AMS symbols A
)
LaTeX Font Info:    Trying to load font information for U+msb on input line 52.
 (/home/angus/.miktex/texmfs/install/tex/latex/amsfonts/umsb.fd
File: umsb.fd 2013/01/14 v3.01 AMS symbols B
)
Underfull \hbox (badness 10000) in paragraph at lines 76--82

 []


LaTeX Warning: Reference `q1_fig1' on page 1 undefined on input line 85.

<q1_fig1.png, id=6, 891.33pt x 644.4075pt>
File: q1_fig1.png Graphic file (type png)
<use q1_fig1.png>
Package pdftex.def Info: q1_fig1.png  used on input line 89.
(pdftex.def)             Requested size: 440.84746pt x 318.72212pt.
[1]
Underfull \hbox (badness 10000) in paragraph at lines 95--97

 []


LaTeX Warning: Reference `Question_1' on page 2 undefined on input line 108.


LaTeX Warning: Reference `Question_1' on page 2 undefined on input line 111.


Overfull \hbox (9.8266pt too wide) detected at line 130
[]
 []


LaTeX Warning: Reference `error_eq' on page 2 undefined on input line 131.

[2 <./q1_fig1.png>]

LaTeX Warning: Reference `q1_fig2' on page 3 undefined on input line 135.

<q1_fig2.PNG, id=24, 1274.51157pt x 645.16031pt>
File: q1_fig2.PNG Graphic file (type png)
<use q1_fig2.PNG>
Package pdftex.def Info: q1_fig2.PNG  used on input line 140.
(pdftex.def)             Requested size: 440.84746pt x 223.1515pt.
<q2_fig1.PNG, id=25, 1246.6575pt x 647.41875pt>
File: q2_fig1.PNG Graphic file (type png)
<use q2_fig1.PNG>
Package pdftex.def Info: q2_fig1.PNG  used on input line 184.
(pdftex.def)             Requested size: 440.84746pt x 228.94122pt.
[3 <./q1_fig2.PNG>]

LaTeX Warning: Reference `q2_fig1' on page 4 undefined on input line 190.


Underfull \hbox (badness 10000) in paragraph at lines 190--196

 []


Overfull \hbox (11.19229pt too wide) in paragraph at lines 197--205
[]\OT1/cmr/m/n/12 In cases where the matrix used to solve equation (4) is non-singular, iterative improvement
 []


Underfull \hbox (badness 10000) in paragraph at lines 197--205

 []


Underfull \hbox (badness 10000) in paragraph at lines 206--209

 []


Underfull \hbox (badness 10000) in paragraph at lines 210--218

 []


LaTeX Warning: Reference `q1_eq2' on page 4 undefined on input line 220.

<q3_N=3.PNG, id=30, 886.06032pt x 510.40688pt>
File: q3_N=3.PNG Graphic file (type png)
<use q3_N=3.PNG>
Package pdftex.def Info: q3_N=3.PNG  used on input line 229.
(pdftex.def)             Requested size: 440.84746pt x 253.94891pt.
[4 <./q2_fig1.PNG>]
<q3_L=3.PNG, id=35, 1209.76968pt x 642.90187pt>
File: q3_L=3.PNG Graphic file (type png)
<use q3_L=3.PNG>
Package pdftex.def Info: q3_L=3.PNG  used on input line 236.
(pdftex.def)             Requested size: 352.6793pt x 187.41776pt.
<q3_L=10.PNG, id=36, 1209.01688pt x 642.90187pt>
File: q3_L=10.PNG Graphic file (type png)
<use q3_L=10.PNG>
Package pdftex.def Info: q3_L=10.PNG  used on input line 242.
(pdftex.def)             Requested size: 352.6793pt x 187.53548pt.
<q3_L=50.PNG, id=37, 1209.01688pt x 642.14906pt>
File: q3_L=50.PNG Graphic file (type png)
<use q3_L=50.PNG>
Package pdftex.def Info: q3_L=50.PNG  used on input line 248.
(pdftex.def)             Requested size: 352.6793pt x 187.31587pt.
 [5 <./q3_N=3.PNG> <./q3_L=3.PNG> <./q3_L=10.PNG>]

LaTeX Warning: Reference `q3_N=3' on page 6 undefined on input line 254.


Underfull \hbox (badness 10000) in paragraph at lines 254--258

 []


Underfull \hbox (badness 10000) in paragraph at lines 259--265

 []

<q3_fig3.PNG, id=44, 1035.87pt x 511.15968pt>
File: q3_fig3.PNG Graphic file (type png)
<use q3_fig3.PNG>
Package pdftex.def Info: q3_fig3.PNG  used on input line 267.
(pdftex.def)             Requested size: 440.84746pt x 217.54027pt.
<q3_fig4.PNG, id=45, 1000.48781pt x 493.845pt>
File: q3_fig4.PNG Graphic file (type png)
<use q3_fig4.PNG>
Package pdftex.def Info: q3_fig4.PNG  used on input line 274.
(pdftex.def)             Requested size: 440.84746pt x 217.60141pt.
[6 <./q3_L=50.PNG> <./q3_fig3.PNG>]

LaTeX Warning: Reference `q3_fig3' on page 7 undefined on input line 280.


LaTeX Warning: Reference `q3_fig4' on page 7 undefined on input line 280.


LaTeX Warning: Reference `continued_fraction' on page 7 undefined on input line 292.


Overfull \hbox (1.38728pt too wide) in paragraph at lines 291--301
\OT1/cmr/m/n/12 fraction) are different; using $\OML/cmm/m/it/12 L \OT1/cmr/m/n/12 = 15$ as an example, the error from the Pad^^Se approximant
 []


Underfull \hbox (badness 10000) in paragraph at lines 291--301

 []

<q4_series_x=0.1.PNG, id=52, 647.41875pt x 490.83376pt>
File: q4_series_x=0.1.PNG Graphic file (type png)
<use q4_series_x=0.1.PNG>
Package pdftex.def Info: q4_series_x=0.1.PNG  used on input line 325.
(pdftex.def)             Requested size: 216.01767pt x 163.77312pt.
<q4_series_x=1.PNG, id=53, 655.69969pt x 504.38437pt>
File: q4_series_x=1.PNG Graphic file (type png)
<use q4_series_x=1.PNG>
Package pdftex.def Info: q4_series_x=1.PNG  used on input line 326.
(pdftex.def)             Requested size: 216.01767pt x 166.16258pt.
<q4_series_x=20.PNG, id=54, 665.48625pt x 506.6428pt>
File: q4_series_x=20.PNG Graphic file (type png)
<use q4_series_x=20.PNG>
Package pdftex.def Info: q4_series_x=20.PNG  used on input line 327.
(pdftex.def)             Requested size: 220.42372pt x 167.8111pt.
[7 <./q3_fig4.PNG>]
<q4_approx_x=0.1.PNG, id=60, 317.68687pt x 229.60782pt>
File: q4_approx_x=0.1.PNG Graphic file (type png)
<use q4_approx_x=0.1.PNG>
Package pdftex.def Info: q4_approx_x=0.1.PNG  used on input line 335.
(pdftex.def)             Requested size: 216.01767pt x 156.13124pt.
<q4_approx_x=1.PNG, id=61, 385.44pt x 271.0125pt>
File: q4_approx_x=1.PNG Graphic file (type png)
<use q4_approx_x=1.PNG>
Package pdftex.def Info: q4_approx_x=1.PNG  used on input line 336.
(pdftex.def)             Requested size: 216.01767pt x 151.88588pt.
<q4_approx_x=20.PNG, id=62, 383.93437pt x 286.06876pt>
File: q4_approx_x=20.PNG Graphic file (type png)
<use q4_approx_x=20.PNG>
Package pdftex.def Info: q4_approx_x=20.PNG  used on input line 337.
(pdftex.def)             Requested size: 220.42372pt x 164.23944pt.


LaTeX Warning: Reference `q4_series_change' on page 8 undefined on input line 343.


Underfull \hbox (badness 10000) in paragraph at lines 343--348

 []


LaTeX Warning: Reference `q4_approx_change' on page 8 undefined on input line 349.


Underfull \hbox (badness 10000) in paragraph at lines 349--353

 []

[8 <./q4_series_x=0.1.PNG> <./q4_series_x=1.PNG> <./q4_series_x=20.PNG> <./q4_approx_x=0.1.PNG> <./q4_approx_x=1.PNG> <./q4_approx_x=20.PNG>]
<q4_series_order=1.PNG, id=72, 440.39531pt x 316.93407pt>
File: q4_series_order=1.PNG Graphic file (type png)
<use q4_series_order=1.PNG>
Package pdftex.def Info: q4_series_order=1.PNG  used on input line 356.
(pdftex.def)             Requested size: 198.38pt x 142.76408pt.
<q4_series_order=9.PNG, id=73, 443.40656pt x 317.68687pt>
File: q4_series_order=9.PNG Graphic file (type png)
<use q4_series_order=9.PNG>
Package pdftex.def Info: q4_series_order=9.PNG  used on input line 363.
(pdftex.def)             Requested size: 198.38pt x 142.13368pt.
<q4_approx_L=7.PNG, id=74, 441.90094pt x 318.43968pt>
File: q4_approx_L=7.PNG Graphic file (type png)
<use q4_approx_L=7.PNG>
Package pdftex.def Info: q4_approx_L=7.PNG  used on input line 371.
(pdftex.def)             Requested size: 198.38pt x 142.95639pt.
<q4_approx_zoomed.PNG, id=75, 440.39531pt x 317.68687pt>
File: q4_approx_zoomed.PNG Graphic file (type png)
<use q4_approx_zoomed.PNG>
Package pdftex.def Info: q4_approx_zoomed.PNG  used on input line 378.
(pdftex.def)             Requested size: 211.60489pt x 152.64308pt.


LaTeX Warning: Reference `q4_approx_L=7' on page 9 undefined on input line 385.


LaTeX Warning: Reference `q4_series_o1' on page 9 undefined on input line 388.


LaTeX Warning: Reference `q4_series_o2' on page 9 undefined on input line 388.


LaTeX Warning: Reference `q4_approx_zoomed' on page 9 undefined on input line 388.


Underfull \hbox (badness 10000) in paragraph at lines 384--391

 []


Underfull \hbox (badness 10000) in paragraph at lines 399--410

 []


Underfull \hbox (badness 10000) in paragraph at lines 411--418

 []

[9 <./q4_series_order=1.PNG> <./q4_series_order=9.PNG> <./q4_approx_L=7.PNG> <./q4_approx_zoomed.PNG>]
Underfull \hbox (badness 10000) in paragraph at lines 419--423

 []

<q5_fig1_poles.PNG, id=83, 1115.66812pt x 561.59813pt>
File: q5_fig1_poles.PNG Graphic file (type png)
<use q5_fig1_poles.PNG>
Package pdftex.def Info: q5_fig1_poles.PNG  used on input line 432.
(pdftex.def)             Requested size: 440.84746pt x 221.91023pt.
<q5_fig1_zeros.PNG, id=84, 1117.17375pt x 561.59813pt>
File: q5_fig1_zeros.PNG Graphic file (type png)
<use q5_fig1_zeros.PNG>
Package pdftex.def Info: q5_fig1_zeros.PNG  used on input line 440.
(pdftex.def)             Requested size: 440.84746pt x 221.6103pt.

LaTeX Warning: Reference `q5_fig1_poles' on page 10 undefined on input line 446.


LaTeX Warning: Reference `q5_fig1_zeros' on page 10 undefined on input line 446.


Underfull \hbox (badness 10000) in paragraph at lines 446--451

 []


Underfull \hbox (badness 10000) in paragraph at lines 452--458

 []

[10 <./q5_fig1_poles.PNG> <./q5_fig1_zeros.PNG>]

LaTeX Warning: Reference `q5_fig2' on page 11 undefined on input line 464.

<q5_fig2.PNG, id=90, 517.935pt x 436.63126pt>
File: q5_fig2.PNG Graphic file (type png)
<use q5_fig2.PNG>
Package pdftex.def Info: q5_fig2.PNG  used on input line 468.
(pdftex.def)             Requested size: 264.51115pt x 222.9988pt.

Overfull \hbox (4.78699pt too wide) in paragraph at lines 459--473
 $[]$
 []


LaTeX Warning: Reference `q5_fig2' on page 11 undefined on input line 474.


Underfull \hbox (badness 10000) in paragraph at lines 474--477

 []


Underfull \hbox (badness 10000) in paragraph at lines 478--482

 []


LaTeX Warning: Reference `table_1' on page 11 undefined on input line 485.


Underfull \hbox (badness 10000) in paragraph at lines 483--499

 []

[11 <./q5_fig2.PNG>] (/home/angus/.miktex/texmfs/install/tex/latex/listings/lstlang1.sty
File: lstlang1.sty 2020/03/24 1.8d listings language file
)

! Package Listings Error: File `C:/Users/angus/OneDrive/Documents/CATAM 7.5/Program_A(.py)' not found.

Type X to quit or <RETURN> to proceed,
or enter new name. (Default extension: py)

Enter file name: 
/home/angus/Documents/CATAM-7.5/Project Write-up/CATAM 7.5.tex:510: Emergency stop.
<read *> 
         
l.510 ...neDrive/Documents/CATAM 7.5/Program_A.py}
                                                  ^^M
*** (cannot \read from terminal in nonstop modes)

 
Here is how much of TeX's memory you used:
 7327 strings out of 477324
 118827 string characters out of 2828730
 640936 words of memory out of 3000000
 28385 multiletter control sequences out of 15000+600000
 477755 words of font info for 59 fonts, out of 8000000 for 9000
 0 hyphenation exceptions out of 8191
 55i,10n,63p,293b,278s stack positions out of 10000i,1000n,20000p,200000b,80000s
/home/angus/Documents/CATAM-7.5/Project Write-up/CATAM 7.5.tex:510:  ==> Fatal error occurred, no output PDF file produced!
